<?xml version="1.0" encoding="UTF-8"?>
<testsuite xmlns:xsi="http://www.w3.org/2001/XMLSchema-instance" xsi:noNamespaceSchemaLocation="https://maven.apache.org/surefire/maven-surefire-plugin/xsd/surefire-test-report.xsd" name="TestBackEnd" time="4.871" tests="20" errors="0" skipped="0" failures="0">
  <properties>
[...]
</properties>
  <testcase name="testCreateUserBadEmailParam" classname="TestBackEnd" time="0.011"/>
  <testcase name="testUpdateUserBadEmail" classname="TestBackEnd" time="0.011"/>
  <testcase name="testLoginBadUsername" classname="TestBackEnd" time="0.043"/>
  <testcase name="testUserMissingUser" classname="TestBackEnd" time="0.072"/>
  <testcase name="testCreateUserNameTaken" classname="TestBackEnd" time="0.034"/>
  <testcase name="testLoginSuccess" classname="TestBackEnd" time="0.104"/>
  <testcase name="testGetAllTeams" classname="TestBackEnd" time="0.576"/>
  <testcase name="testUpdateUser" classname="TestBackEnd" time="1.091"/>
  <testcase name="testCreateUserBadPasswordParam" classname="TestBackEnd" time="0.008"/>
  <testcase name="testLoginBadPassword" classname="TestBackEnd" time="0.075"/>
  <testcase name="testUpdateUserBadRole" classname="TestBackEnd" time="0.014"/>
  <testcase name="testGetAllHeroes" classname="TestBackEnd" time="1.615"/>
  <testcase name="testUserInfo" classname="TestBackEnd" time="0.085"/>
  <testcase name="testUpdateUserBadUsername" classname="TestBackEnd" time="0.01"/>
  <testcase name="testUserNoParams" classname="TestBackEnd" time="0.01"/>
  <testcase name="testCreateUserBadUsernameParam" classname="TestBackEnd" time="0.009"/>
  <testcase name="testUserBadParameter" classname="TestBackEnd" time="0.011"/>
  <testcase name="testLoginBadParameters" classname="TestBackEnd" time="0.01"/>
  <testcase name="testLoginBadUsernamePassword" classname="TestBackEnd" time="0.037"/>
  <testcase name="testUpdateUserBadPassword" classname="TestBackEnd" time="0.026"/>
</testsuite>